build/app/outputs/mapping/release/seeds.txt
androidx.lifecycle.EmptyActivityLifecycleCallbacks: void onActivityCreated(android.app.Activity,android.os.Bundle)
io.flutter.embedding.android.FlutterView: io.flutter.embedding.android.FlutterImageView getCurrentImageSurface()
androidx.core.view.WindowInsetsCompat$BuilderImpl: void setMandatorySystemGestureInsets(androidx.core.graphics.Insets)
io.flutter.plugin.editing.ImeSyncDeferringInsetsCallback: boolean access$100(io.flutter.plugin.editing.ImeSyncDeferringInsetsCallback)
io.flutter.embedding.engine.FlutterJNI: FlutterJNI()
androidx.window.area.reflectionguard.WindowAreaComponentApi2Requirements: void removeRearDisplayStatusListener(androidx.window.extensions.core.util.function.Consumer)
io.flutter.view.AccessibilityViewEmbedder: void setFlutterNodesTranslateBounds(android.view.accessibility.AccessibilityNodeInfo,android.graphics.Rect,android.view.accessibility.AccessibilityNodeInfo)
io.flutter.embedding.engine.FlutterJNI: void requestDartDeferredLibrary(int)
io.flutter.embedding.android.FlutterImageView$SurfaceKind: io.flutter.embedding.android.FlutterImageView$SurfaceKind valueOf(java.lang.String)
androidx.core.view.WindowInsetsCompat$BuilderImpl: void setSystemGestureInsets(androidx.core.graphics.Insets)
androidx.core.view.WindowInsetsCompat$TypeImpl30: int toPlatformType(int)
io.flutter.embedding.engine.FlutterJNI: void nativeRunBundleAndSnapshotFromLibrary(long,java.lang.String,java.lang.String,java.lang.String,android.content.res.AssetManager,java.util.List)
androidx.core.view.WindowInsetsCompat$Impl28: androidx.core.view.DisplayCutoutCompat getDisplayCutout()
io.flutter.embedding.engine.systemchannels.PlatformChannel$DeviceOrientation: io.flutter.embedding.engine.systemchannels.PlatformChannel$DeviceOrientation[] values()
io.flutter.embedding.engine.mutatorsstack.FlutterMutatorsStack: java.util.List getMutators()
io.flutter.embedding.engine.systemchannels.PlatformChannel$DeviceOrientation: io.flutter.embedding.engine.systemchannels.PlatformChannel$DeviceOrientation valueOf(java.lang.String)
io.flutter.view.TextureRegistry$SurfaceTextureEntry$-CC: void $default$setOnTrimMemoryListener(io.flutter.view.TextureRegistry$SurfaceTextureEntry,io.flutter.view.TextureRegistry$OnTrimMemoryListener)
androidx.core.view.WindowInsetsCompat$BuilderImpl29: void setStableInsets(androidx.core.graphics.Insets)
io.flutter.embedding.engine.FlutterJNI: android.graphics.Bitmap nativeGetBitmap(long)
io.flutter.embedding.engine.FlutterJNI: void dispatchSemanticsAction(int,int,java.nio.ByteBuffer,int)
io.flutter.view.TextureRegistry$SurfaceTextureEntry: void setOnFrameConsumedListener(io.flutter.view.TextureRegistry$OnFrameConsumedListener)
io.flutter.embedding.engine.FlutterJNI: void lambda$decodeImage$0(long,android.graphics.ImageDecoder,android.graphics.ImageDecoder$ImageInfo,android.graphics.ImageDecoder$Source)
androidx.core.graphics.drawable.IconCompat$Api28Impl: int getResId(java.lang.Object)
io.flutter.embedding.engine.systemchannels.SettingsChannel$PlatformBrightness: io.flutter.embedding.engine.systemchannels.SettingsChannel$PlatformBrightness[] values()
io.flutter.embedding.engine.FlutterJNI: void onDisplayPlatformView(int,int,int,int,int,int,int,io.flutter.embedding.engine.mutatorsstack.FlutterMutatorsStack)
androidx.core.view.ViewCompat$Api28Impl: void addOnUnhandledKeyEventListener(android.view.View,androidx.core.view.ViewCompat$OnUnhandledKeyEventListenerCompat)
kotlin.coroutines.intrinsics.CoroutineSingletons: kotlin.coroutines.intrinsics.CoroutineSingletons valueOf(java.lang.String)
io.flutter.embedding.engine.FlutterJNI: float getScaledFontSize(float,int)
androidx.core.view.WindowInsetsCompat$Impl: void setOverriddenInsets(androidx.core.graphics.Insets[])
io.flutter.plugin.editing.ImeSyncDeferringInsetsCallback: android.view.View access$400(io.flutter.plugin.editing.ImeSyncDeferringInsetsCallback)
androidx.lifecycle.ReportFragment$LifecycleCallbacks: void onActivitySaveInstanceState(android.app.Activity,android.os.Bundle)